<?xml version="1.0" encoding="UTF-8"?>
<coverage generated="1752391313007" clover="3.2.0">
  <project timestamp="1752391313007" name="All files">
    <metrics statements="179" coveredstatements="179" conditionals="45" coveredconditionals="36" methods="67" coveredmethods="65" elements="291" coveredelements="280" complexity="0" loc="179" ncloc="179" packages="2" files="5" classes="5"/>
    <package name="src">
      <metrics statements="108" coveredstatements="108" conditionals="30" coveredconditionals="24" methods="44" coveredmethods="44"/>
      <file name="constants.ts" path="C:\projects-js\timed-map\src\constants.ts">
        <metrics statements="1" coveredstatements="1" conditionals="0" coveredconditionals="0" methods="0" coveredmethods="0"/>
        <line num="1" count="1" type="stmt"/>
      </file>
      <file name="driver.ts" path="C:\projects-js\timed-map\src\driver.ts">
        <metrics statements="82" coveredstatements="82" conditionals="27" coveredconditionals="21" methods="24" coveredmethods="24"/>
        <line num="1" count="1" type="stmt"/>
        <line num="2" count="1" type="stmt"/>
        <line num="6" count="1" type="stmt"/>
        <line num="9" count="1" type="stmt"/>
        <line num="13" count="19" type="stmt"/>
        <line num="14" count="19" type="stmt"/>
        <line num="15" count="19" type="stmt"/>
        <line num="16" count="19" type="stmt"/>
        <line num="17" count="19" type="stmt"/>
        <line num="20" count="19" type="stmt"/>
        <line num="27" count="93" type="stmt"/>
        <line num="31" count="18" type="stmt"/>
        <line num="32" count="18" type="stmt"/>
        <line num="36" count="9" type="stmt"/>
        <line num="40" count="23" type="stmt"/>
        <line num="41" count="23" type="stmt"/>
        <line num="44" count="4" type="stmt"/>
        <line num="47" count="1" type="cond" truecount="0" falsecount="1"/>
        <line num="48" count="1" type="stmt"/>
        <line num="49" count="1" type="stmt"/>
        <line num="50" count="1" type="stmt"/>
        <line num="51" count="1" type="stmt"/>
        <line num="52" count="1" type="stmt"/>
        <line num="53" count="1" type="stmt"/>
        <line num="54" count="1" type="stmt"/>
        <line num="55" count="1" type="stmt"/>
        <line num="61" count="10" type="stmt"/>
        <line num="63" count="19" type="stmt"/>
        <line num="66" count="13" type="cond" truecount="0" falsecount="1"/>
        <line num="67" count="13" type="stmt"/>
        <line num="68" count="13" type="stmt"/>
        <line num="69" count="13" type="stmt"/>
        <line num="70" count="13" type="stmt"/>
        <line num="74" count="4" type="cond" truecount="0" falsecount="1"/>
        <line num="75" count="4" type="stmt"/>
        <line num="76" count="4" type="stmt"/>
        <line num="77" count="4" type="stmt"/>
        <line num="78" count="4" type="stmt"/>
        <line num="79" count="4" type="stmt"/>
        <line num="83" count="3" type="stmt"/>
        <line num="84" count="3" type="cond" truecount="0" falsecount="1"/>
        <line num="85" count="3" type="stmt"/>
        <line num="86" count="3" type="stmt"/>
        <line num="87" count="3" type="stmt"/>
        <line num="88" count="3" type="stmt"/>
        <line num="92" count="69" type="cond" truecount="2" falsecount="0"/>
        <line num="100" count="5" type="stmt"/>
        <line num="108" count="45" type="stmt"/>
        <line num="109" count="45" type="stmt"/>
        <line num="110" count="45" type="cond" truecount="2" falsecount="0"/>
        <line num="111" count="45" type="stmt"/>
        <line num="116" count="45" type="stmt"/>
        <line num="120" count="9" type="stmt"/>
        <line num="121" count="9" type="cond" truecount="1" falsecount="0"/>
        <line num="122" count="5" type="cond" truecount="1" falsecount="0"/>
        <line num="123" count="5" type="stmt"/>
        <line num="124" count="5" type="stmt"/>
        <line num="125" count="5" type="stmt"/>
        <line num="126" count="5" type="stmt"/>
        <line num="130" count="53" type="cond" truecount="1" falsecount="0"/>
        <line num="131" count="9" type="stmt"/>
        <line num="137" count="70" type="cond" truecount="2" falsecount="0"/>
        <line num="141" count="20" type="cond" truecount="3" falsecount="0"/>
        <line num="147" count="47" type="stmt"/>
        <line num="148" count="47" type="stmt"/>
        <line num="149" count="44" type="cond" truecount="1" falsecount="0"/>
        <line num="150" count="4" type="stmt"/>
        <line num="151" count="4" type="stmt"/>
        <line num="154" count="47" type="cond" truecount="1" falsecount="0"/>
        <line num="155" count="4" type="cond" truecount="2" falsecount="0"/>
        <line num="156" count="4" type="stmt"/>
        <line num="160" count="22" type="cond" truecount="1" falsecount="0"/>
        <line num="161" count="4" type="stmt"/>
        <line num="163" count="18" type="stmt"/>
        <line num="164" count="18" type="stmt"/>
        <line num="165" count="18" type="stmt"/>
        <line num="173" count="29" type="stmt"/>
        <line num="174" count="29" type="stmt"/>
        <line num="175" count="29" type="stmt"/>
        <line num="176" count="5" type="stmt"/>
        <line num="179" count="29" type="stmt"/>
        <line num="183" count="1" type="stmt"/>
      </file>
      <file name="index.ts" path="C:\projects-js\timed-map\src\index.ts">
        <metrics statements="25" coveredstatements="25" conditionals="3" coveredconditionals="3" methods="20" coveredmethods="20"/>
        <line num="104" count="1" type="stmt"/>
        <line num="106" count="1" type="stmt"/>
        <line num="118" count="19" type="stmt"/>
        <line num="122" count="18" type="stmt"/>
        <line num="125" count="9" type="stmt"/>
        <line num="128" count="4" type="stmt"/>
        <line num="130" count="4" type="stmt"/>
        <line num="136" count="1" type="stmt"/>
        <line num="140" count="10" type="stmt"/>
        <line num="143" count="13" type="stmt"/>
        <line num="150" count="19" type="stmt"/>
        <line num="151" count="19" type="stmt"/>
        <line num="152" count="19" type="stmt"/>
        <line num="159" count="4" type="stmt"/>
        <line num="163" count="3" type="stmt"/>
        <line num="171" count="13" type="stmt"/>
        <line num="178" count="6" type="stmt"/>
        <line num="186" count="45" type="stmt"/>
        <line num="195" count="8" type="stmt"/>
        <line num="208" count="4" type="stmt"/>
        <line num="216" count="1" type="stmt"/>
        <line num="235" count="11" type="stmt"/>
        <line num="255" count="4" type="stmt"/>
        <line num="258" count="1" type="stmt"/>
        <line num="261" count="1" type="stmt"/>
      </file>
    </package>
    <package name="src.events">
      <metrics statements="71" coveredstatements="71" conditionals="15" coveredconditionals="12" methods="23" coveredmethods="21"/>
      <file name="constants.ts" path="C:\projects-js\timed-map\src\events\constants.ts">
        <metrics statements="2" coveredstatements="2" conditionals="0" coveredconditionals="0" methods="0" coveredmethods="0"/>
        <line num="13" count="1" type="stmt"/>
        <line num="22" count="1" type="stmt"/>
      </file>
      <file name="index.ts" path="C:\projects-js\timed-map\src\events\index.ts">
        <metrics statements="69" coveredstatements="69" conditionals="15" coveredconditionals="12" methods="23" coveredmethods="21"/>
        <line num="48" count="1" type="stmt"/>
        <line num="49" count="1" type="stmt"/>
        <line num="61" count="1" type="stmt"/>
        <line num="67" count="1" type="stmt"/>
        <line num="72" count="1" type="stmt"/>
        <line num="76" count="1" type="stmt"/>
        <line num="80" count="19" type="stmt"/>
        <line num="86" count="19" type="stmt"/>
        <line num="88" count="114" type="stmt"/>
        <line num="89" count="114" type="stmt"/>
        <line num="102" count="74" type="stmt"/>
        <line num="103" count="74" type="cond" truecount="1" falsecount="0"/>
        <line num="104" count="15" type="stmt"/>
        <line num="105" count="15" type="stmt"/>
        <line num="106" count="22" type="cond" truecount="1" falsecount="0"/>
        <line num="107" count="2" type="stmt"/>
        <line num="110" count="15" type="stmt"/>
        <line num="111" count="15" type="stmt"/>
        <line num="128" count="19" type="stmt"/>
        <line num="129" count="19" type="cond" truecount="1" falsecount="0"/>
        <line num="130" count="1" type="stmt"/>
        <line num="131" count="1" type="stmt"/>
        <line num="132" count="1" type="stmt"/>
        <line num="133" count="1" type="stmt"/>
        <line num="152" count="4" type="stmt"/>
        <line num="153" count="4" type="stmt"/>
        <line num="154" count="6" type="stmt"/>
        <line num="156" count="4" type="cond" truecount="1" falsecount="0"/>
        <line num="157" count="4" type="stmt"/>
        <line num="167" count="1" type="stmt"/>
        <line num="168" count="1" type="stmt"/>
        <line num="188" count="15" type="cond" truecount="0" falsecount="1"/>
        <line num="192" count="15" type="stmt"/>
        <line num="193" count="15" type="stmt"/>
        <line num="194" count="15" type="stmt"/>
        <line num="197" count="15" type="stmt"/>
        <line num="217" count="4" type="stmt"/>
        <line num="218" count="4" type="stmt"/>
        <line num="219" count="4" type="stmt"/>
        <line num="220" count="4" type="stmt"/>
        <line num="233" count="93" type="cond" truecount="1" falsecount="0"/>
        <line num="234" count="16" type="stmt"/>
        <line num="235" count="16" type="stmt"/>
        <line num="236" count="16" type="stmt"/>
        <line num="237" count="16" type="stmt"/>
        <line num="238" count="16" type="stmt"/>
        <line num="243" count="93" type="stmt"/>
        <line num="247" count="1" type="stmt"/>
        <line num="250" count="153" type="cond" truecount="1" falsecount="0"/>
        <line num="251" count="50" type="cond" truecount="1" falsecount="0"/>
        <line num="252" count="39" type="stmt"/>
        <line num="253" count="116" type="stmt"/>
        <line num="255" count="39" type="stmt"/>
        <line num="256" count="39" type="stmt"/>
        <line num="258" count="11" type="stmt"/>
        <line num="270" count="16" type="cond" truecount="5" falsecount="0"/>
        <line num="271" count="2" type="stmt"/>
        <line num="272" count="10" type="stmt"/>
        <line num="273" count="1" type="stmt"/>
        <line num="274" count="1" type="stmt"/>
        <line num="275" count="1" type="stmt"/>
        <line num="288" count="16" type="stmt"/>
        <line num="289" count="16" type="stmt"/>
        <line num="290" count="23" type="stmt"/>
        <line num="291" count="23" type="stmt"/>
        <line num="309" count="1" type="stmt"/>
        <line num="318" count="1" type="stmt"/>
        <line num="324" count="11" type="stmt"/>
        <line num="330" count="2" type="stmt"/>
      </file>
    </package>
  </project>
</coverage>
