{"C:\\projects-js\\timed-map\\src\\constants.ts": {"path":"C:\\projects-js\\timed-map\\src\\constants.ts","statementMap":{"0":{"start":{"line":1,"column":13},"end":{"line":1,"column":30}}},"fnMap":{},"branchMap":{},"s":{"0":1},"f":{},"b":{}}
,"C:\\projects-js\\timed-map\\src\\driver.ts": {"path":"C:\\projects-js\\timed-map\\src\\driver.ts","statementMap":{"0":{"start":{"line":1,"column":0},"end":{"line":1,"column":41}},"1":{"start":{"line":2,"column":0},"end":{"line":2,"column":41}},"2":{"start":{"line":6,"column":0},"end":{"line":6,"column":40}},"3":{"start":{"line":9,"column":0},"end":{"line":9,"column":30}},"4":{"start":{"line":13,"column":9},"end":{"line":13,"column":32}},"5":{"start":{"line":14,"column":9},"end":{"line":14,"column":33}},"6":{"start":{"line":15,"column":9},"end":{"line":15,"column":66}},"7":{"start":{"line":16,"column":9},"end":{"line":16,"column":36}},"8":{"start":{"line":17,"column":9},"end":{"line":17,"column":40}},"9":{"start":{"line":20,"column":2},"end":{"line":24,"column":4}},"10":{"start":{"line":27,"column":16},"end":{"line":27,"column":36}},"11":{"start":{"line":31,"column":2},"end":{"line":31,"column":16}},"12":{"start":{"line":32,"column":2},"end":{"line":32,"column":43}},"13":{"start":{"line":36,"column":17},"end":{"line":36,"column":42}},"14":{"start":{"line":40,"column":2},"end":{"line":40,"column":16}},"15":{"start":{"line":41,"column":2},"end":{"line":41,"column":41}},"16":{"start":{"line":44,"column":21},"end":{"line":44,"column":41}},"17":{"start":{"line":47,"column":2},"end":{"line":47,"column":62}},"18":{"start":{"line":47,"column":54},"end":{"line":47,"column":60}},"19":{"start":{"line":48,"column":20},"end":{"line":48,"column":50}},"20":{"start":{"line":49,"column":29},"end":{"line":49,"column":51}},"21":{"start":{"line":50,"column":2},"end":{"line":50,"column":35}},"22":{"start":{"line":51,"column":2},"end":{"line":51,"column":50}},"23":{"start":{"line":52,"column":2},"end":{"line":52,"column":30}},"24":{"start":{"line":53,"column":23},"end":{"line":53,"column":56}},"25":{"start":{"line":54,"column":2},"end":{"line":57,"column":4}},"26":{"start":{"line":55,"column":9},"end":{"line":55,"column":22}},"27":{"start":{"line":61,"column":14},"end":{"line":61,"column":38}},"28":{"start":{"line":63,"column":15},"end":{"line":63,"column":34}},"29":{"start":{"line":66,"column":2},"end":{"line":66,"column":58}},"30":{"start":{"line":66,"column":50},"end":{"line":66,"column":56}},"31":{"start":{"line":67,"column":21},"end":{"line":67,"column":98}},"32":{"start":{"line":68,"column":2},"end":{"line":68,"column":24}},"33":{"start":{"line":69,"column":2},"end":{"line":69,"column":24}},"34":{"start":{"line":70,"column":2},"end":{"line":70,"column":48}},"35":{"start":{"line":74,"column":2},"end":{"line":74,"column":35}},"36":{"start":{"line":74,"column":27},"end":{"line":74,"column":33}},"37":{"start":{"line":75,"column":20},"end":{"line":75,"column":30}},"38":{"start":{"line":76,"column":30},"end":{"line":76,"column":63}},"39":{"start":{"line":77,"column":2},"end":{"line":77,"column":48}},"40":{"start":{"line":78,"column":2},"end":{"line":78,"column":78}},"41":{"start":{"line":79,"column":2},"end":{"line":79,"column":39}},"42":{"start":{"line":83,"column":16},"end":{"line":83,"column":37}},"43":{"start":{"line":84,"column":2},"end":{"line":84,"column":25}},"44":{"start":{"line":84,"column":17},"end":{"line":84,"column":23}},"45":{"start":{"line":85,"column":20},"end":{"line":85,"column":30}},"46":{"start":{"line":86,"column":2},"end":{"line":86,"column":48}},"47":{"start":{"line":87,"column":2},"end":{"line":87,"column":74}},"48":{"start":{"line":88,"column":2},"end":{"line":88,"column":15}},"49":{"start":{"line":92,"column":2},"end":{"line":96,"column":11}},"50":{"start":{"line":100,"column":2},"end":{"line":100,"column":38}},"51":{"start":{"line":108,"column":18},"end":{"line":108,"column":39}},"52":{"start":{"line":109,"column":2},"end":{"line":109,"column":71}},"53":{"start":{"line":110,"column":2},"end":{"line":110,"column":72}},"54":{"start":{"line":111,"column":2},"end":{"line":115,"column":4}},"55":{"start":{"line":116,"column":2},"end":{"line":116,"column":17}},"56":{"start":{"line":120,"column":33},"end":{"line":120,"column":69}},"57":{"start":{"line":121,"column":2},"end":{"line":121,"column":27}},"58":{"start":{"line":121,"column":19},"end":{"line":121,"column":25}},"59":{"start":{"line":122,"column":2},"end":{"line":122,"column":64}},"60":{"start":{"line":122,"column":43},"end":{"line":122,"column":63}},"61":{"start":{"line":123,"column":2},"end":{"line":123,"column":33}},"62":{"start":{"line":124,"column":2},"end":{"line":124,"column":24}},"63":{"start":{"line":125,"column":2},"end":{"line":125,"column":44}},"64":{"start":{"line":126,"column":2},"end":{"line":126,"column":17}},"65":{"start":{"line":130,"column":2},"end":{"line":132,"column":3}},"66":{"start":{"line":131,"column":3},"end":{"line":131,"column":47}},"67":{"start":{"line":137,"column":2},"end":{"line":137,"column":59}},"68":{"start":{"line":141,"column":2},"end":{"line":143,"column":null}},"69":{"start":{"line":147,"column":45},"end":{"line":147,"column":47}},"70":{"start":{"line":148,"column":2},"end":{"line":153,"column":3}},"71":{"start":{"line":149,"column":3},"end":{"line":152,"column":4}},"72":{"start":{"line":150,"column":4},"end":{"line":150,"column":null}},"73":{"start":{"line":151,"column":4},"end":{"line":151,"column":35}},"74":{"start":{"line":154,"column":2},"end":{"line":154,"column":31}},"75":{"start":{"line":154,"column":23},"end":{"line":154,"column":29}},"76":{"start":{"line":155,"column":2},"end":{"line":155,"column":50}},"77":{"start":{"line":156,"column":2},"end":{"line":156,"column":40}},"78":{"start":{"line":160,"column":2},"end":{"line":162,"column":3}},"79":{"start":{"line":161,"column":3},"end":{"line":161,"column":16}},"80":{"start":{"line":163,"column":2},"end":{"line":163,"column":30}},"81":{"start":{"line":164,"column":2},"end":{"line":164,"column":25}},"82":{"start":{"line":165,"column":2},"end":{"line":165,"column":14}},"83":{"start":{"line":173,"column":2},"end":{"line":173,"column":30}},"84":{"start":{"line":174,"column":2},"end":{"line":174,"column":46}},"85":{"start":{"line":175,"column":2},"end":{"line":178,"column":4}},"86":{"start":{"line":176,"column":9},"end":{"line":176,"column":22}},"87":{"start":{"line":179,"column":2},"end":{"line":179,"column":14}},"88":{"start":{"line":183,"column":0},"end":{"line":183,"column":22}}},"fnMap":{"0":{"name":"(anonymous_1)","decl":{"start":{"line":19,"column":1},"end":{"line":19,"column":14}},"loc":{"start":{"line":19,"column":41},"end":{"line":25,"column":2}}},"1":{"name":"(anonymous_2)","decl":{"start":{"line":27,"column":1},"end":{"line":27,"column":5}},"loc":{"start":{"line":27,"column":11},"end":{"line":27,"column":37}}},"2":{"name":"(anonymous_3)","decl":{"start":{"line":30,"column":1},"end":{"line":30,"column":5}},"loc":{"start":{"line":30,"column":12},"end":{"line":33,"column":2}}},"3":{"name":"(anonymous_4)","decl":{"start":{"line":36,"column":1},"end":{"line":36,"column":5}},"loc":{"start":{"line":36,"column":12},"end":{"line":36,"column":43}}},"4":{"name":"(anonymous_5)","decl":{"start":{"line":39,"column":1},"end":{"line":39,"column":5}},"loc":{"start":{"line":39,"column":9},"end":{"line":42,"column":2}}},"5":{"name":"(anonymous_6)","decl":{"start":{"line":44,"column":1},"end":{"line":44,"column":5}},"loc":{"start":{"line":44,"column":16},"end":{"line":44,"column":42}}},"6":{"name":"(anonymous_7)","decl":{"start":{"line":46,"column":1},"end":{"line":46,"column":5}},"loc":{"start":{"line":46,"column":44},"end":{"line":58,"column":2}}},"7":{"name":"(anonymous_8)","decl":{"start":{"line":55,"column":3},"end":{"line":55,"column":6}},"loc":{"start":{"line":55,"column":9},"end":{"line":55,"column":22}}},"8":{"name":"(anonymous_9)","decl":{"start":{"line":61,"column":1},"end":{"line":61,"column":5}},"loc":{"start":{"line":61,"column":9},"end":{"line":61,"column":39}}},"9":{"name":"(anonymous_10)","decl":{"start":{"line":63,"column":1},"end":{"line":63,"column":5}},"loc":{"start":{"line":63,"column":10},"end":{"line":63,"column":35}}},"10":{"name":"(anonymous_11)","decl":{"start":{"line":65,"column":1},"end":{"line":65,"column":6}},"loc":{"start":{"line":65,"column":6},"end":{"line":71,"column":2}}},"11":{"name":"(anonymous_12)","decl":{"start":{"line":73,"column":1},"end":{"line":73,"column":4}},"loc":{"start":{"line":73,"column":32},"end":{"line":80,"column":2}}},"12":{"name":"(anonymous_13)","decl":{"start":{"line":82,"column":1},"end":{"line":82,"column":9}},"loc":{"start":{"line":82,"column":37},"end":{"line":89,"column":2}}},"13":{"name":"(anonymous_14)","decl":{"start":{"line":91,"column":1},"end":{"line":91,"column":4}},"loc":{"start":{"line":91,"column":19},"end":{"line":97,"column":2}}},"14":{"name":"(anonymous_15)","decl":{"start":{"line":99,"column":1},"end":{"line":99,"column":5}},"loc":{"start":{"line":99,"column":33},"end":{"line":101,"column":2}}},"15":{"name":"(anonymous_16)","decl":{"start":{"line":103,"column":1},"end":{"line":103,"column":4}},"loc":{"start":{"line":106,"column":15},"end":{"line":117,"column":2}}},"16":{"name":"(anonymous_17)","decl":{"start":{"line":119,"column":1},"end":{"line":119,"column":7}},"loc":{"start":{"line":119,"column":35},"end":{"line":127,"column":2}}},"17":{"name":"(anonymous_18)","decl":{"start":{"line":129,"column":9},"end":{"line":129,"column":18}},"loc":{"start":{"line":129,"column":46},"end":{"line":133,"column":2}}},"18":{"name":"(anonymous_19)","decl":{"start":{"line":136,"column":10},"end":{"line":136,"column":26}},"loc":{"start":{"line":136,"column":81},"end":{"line":138,"column":2}}},"19":{"name":"(anonymous_20)","decl":{"start":{"line":140,"column":9},"end":{"line":140,"column":25}},"loc":{"start":{"line":140,"column":44},"end":{"line":144,"column":2}}},"20":{"name":"(anonymous_21)","decl":{"start":{"line":146,"column":9},"end":{"line":146,"column":15}},"loc":{"start":{"line":146,"column":15},"end":{"line":157,"column":2}}},"21":{"name":"(anonymous_22)","decl":{"start":{"line":159,"column":9},"end":{"line":159,"column":23}},"loc":{"start":{"line":159,"column":23},"end":{"line":166,"column":2}}},"22":{"name":"(anonymous_23)","decl":{"start":{"line":168,"column":9},"end":{"line":168,"column":23}},"loc":{"start":{"line":168,"column":23},"end":{"line":180,"column":2}}},"23":{"name":"(anonymous_24)","decl":{"start":{"line":176,"column":3},"end":{"line":176,"column":6}},"loc":{"start":{"line":176,"column":9},"end":{"line":176,"column":22}}}},"branchMap":{"0":{"loc":{"start":{"line":21,"column":3},"end":{"line":23,"column":15}},"type":"cond-expr","locations":[{"start":{"line":22,"column":6},"end":{"line":22,"column":23}},{"start":{"line":23,"column":6},"end":{"line":23,"column":15}}]},"1":{"loc":{"start":{"line":47,"column":2},"end":{"line":47,"column":62}},"type":"if","locations":[{"start":{"line":47,"column":2},"end":{"line":47,"column":62}}]},"2":{"loc":{"start":{"line":56,"column":3},"end":{"line":56,"column":38}},"type":"cond-expr","locations":[{"start":{"line":56,"column":22},"end":{"line":56,"column":34}},{"start":{"line":56,"column":37},"end":{"line":56,"column":38}}]},"3":{"loc":{"start":{"line":66,"column":2},"end":{"line":66,"column":58}},"type":"if","locations":[{"start":{"line":66,"column":2},"end":{"line":66,"column":58}}]},"4":{"loc":{"start":{"line":74,"column":2},"end":{"line":74,"column":35}},"type":"if","locations":[{"start":{"line":74,"column":2},"end":{"line":74,"column":35}}]},"5":{"loc":{"start":{"line":84,"column":2},"end":{"line":84,"column":25}},"type":"if","locations":[{"start":{"line":84,"column":2},"end":{"line":84,"column":25}}]},"6":{"loc":{"start":{"line":92,"column":9},"end":{"line":96,"column":10}},"type":"cond-expr","locations":[{"start":{"line":93,"column":5},"end":{"line":93,"column":10}},{"start":{"line":94,"column":5},"end":{"line":96,"column":10}}]},"7":{"loc":{"start":{"line":94,"column":5},"end":{"line":96,"column":10}},"type":"cond-expr","locations":[{"start":{"line":95,"column":6},"end":{"line":95,"column":26}},{"start":{"line":96,"column":6},"end":{"line":96,"column":10}}]},"8":{"loc":{"start":{"line":110,"column":2},"end":{"line":110,"column":71}},"type":"binary-expr","locations":[{"start":{"line":110,"column":2},"end":{"line":110,"column":46}},{"start":{"line":110,"column":50},"end":{"line":110,"column":71}}]},"9":{"loc":{"start":{"line":121,"column":2},"end":{"line":121,"column":27}},"type":"if","locations":[{"start":{"line":121,"column":2},"end":{"line":121,"column":27}}]},"10":{"loc":{"start":{"line":122,"column":2},"end":{"line":122,"column":64}},"type":"if","locations":[{"start":{"line":122,"column":2},"end":{"line":122,"column":64}}]},"11":{"loc":{"start":{"line":130,"column":2},"end":{"line":132,"column":3}},"type":"if","locations":[{"start":{"line":130,"column":2},"end":{"line":132,"column":3}}]},"12":{"loc":{"start":{"line":137,"column":37},"end":{"line":137,"column":56}},"type":"binary-expr","locations":[{"start":{"line":137,"column":37},"end":{"line":137,"column":40}},{"start":{"line":137,"column":44},"end":{"line":137,"column":56}}]},"13":{"loc":{"start":{"line":141,"column":9},"end":{"line":143,"column":15}},"type":"binary-expr","locations":[{"start":{"line":141,"column":9},"end":{"line":141,"column":30}},{"start":{"line":142,"column":3},"end":{"line":142,"column":28}},{"start":{"line":143,"column":3},"end":{"line":143,"column":15}}]},"14":{"loc":{"start":{"line":149,"column":3},"end":{"line":152,"column":4}},"type":"if","locations":[{"start":{"line":149,"column":3},"end":{"line":152,"column":4}}]},"15":{"loc":{"start":{"line":154,"column":2},"end":{"line":154,"column":31}},"type":"if","locations":[{"start":{"line":154,"column":2},"end":{"line":154,"column":31}}]},"16":{"loc":{"start":{"line":155,"column":2},"end":{"line":155,"column":49}},"type":"binary-expr","locations":[{"start":{"line":155,"column":2},"end":{"line":155,"column":24}},{"start":{"line":155,"column":28},"end":{"line":155,"column":49}}]},"17":{"loc":{"start":{"line":160,"column":2},"end":{"line":162,"column":3}},"type":"if","locations":[{"start":{"line":160,"column":2},"end":{"line":162,"column":3}}]}},"s":{"0":1,"1":1,"2":1,"3":1,"4":19,"5":19,"6":19,"7":19,"8":19,"9":19,"10":93,"11":18,"12":18,"13":9,"14":23,"15":23,"16":4,"17":1,"18":0,"19":1,"20":1,"21":1,"22":1,"23":1,"24":1,"25":1,"26":1,"27":10,"28":19,"29":13,"30":0,"31":13,"32":13,"33":13,"34":13,"35":4,"36":0,"37":4,"38":4,"39":4,"40":4,"41":4,"42":3,"43":3,"44":0,"45":3,"46":3,"47":3,"48":3,"49":69,"50":5,"51":45,"52":45,"53":45,"54":45,"55":45,"56":9,"57":9,"58":4,"59":5,"60":1,"61":5,"62":5,"63":5,"64":5,"65":53,"66":9,"67":70,"68":20,"69":47,"70":47,"71":44,"72":4,"73":4,"74":47,"75":43,"76":4,"77":4,"78":22,"79":4,"80":18,"81":18,"82":18,"83":29,"84":29,"85":29,"86":5,"87":29,"88":1},"f":{"0":19,"1":93,"2":18,"3":9,"4":23,"5":4,"6":1,"7":1,"8":10,"9":19,"10":13,"11":4,"12":3,"13":69,"14":5,"15":45,"16":9,"17":53,"18":70,"19":20,"20":47,"21":22,"22":29,"23":5},"b":{"0":[19,0],"1":[0],"2":[1,0],"3":[0],"4":[0],"5":[0],"6":[48,21],"7":[1,20],"8":[45,28],"9":[4],"10":[1],"11":[9],"12":[70,62],"13":[20,20,20],"14":[4],"15":[43],"16":[4,1],"17":[4]}}
,"C:\\projects-js\\timed-map\\src\\index.ts": {"path":"C:\\projects-js\\timed-map\\src\\index.ts","statementMap":{"0":{"start":{"line":104,"column":0},"end":{"line":104,"column":40}},"1":{"start":{"line":106,"column":0},"end":{"line":106,"column":30}},"2":{"start":{"line":118,"column":2},"end":{"line":118,"column":52}},"3":{"start":{"line":122,"column":17},"end":{"line":122,"column":45}},"4":{"start":{"line":125,"column":17},"end":{"line":125,"column":45}},"5":{"start":{"line":128,"column":14},"end":{"line":128,"column":39}},"6":{"start":{"line":130,"column":21},"end":{"line":130,"column":53}},"7":{"start":{"line":136,"column":2},"end":{"line":136,"column":47}},"8":{"start":{"line":140,"column":14},"end":{"line":140,"column":39}},"9":{"start":{"line":143,"column":11},"end":{"line":143,"column":32}},"10":{"start":{"line":150,"column":2},"end":{"line":150,"column":37}},"11":{"start":{"line":151,"column":2},"end":{"line":151,"column":52}},"12":{"start":{"line":152,"column":2},"end":{"line":152,"column":22}},"13":{"start":{"line":159,"column":18},"end":{"line":159,"column":49}},"14":{"start":{"line":163,"column":2},"end":{"line":163,"column":38}},"15":{"start":{"line":171,"column":2},"end":{"line":171,"column":33}},"16":{"start":{"line":178,"column":19},"end":{"line":178,"column":51}},"17":{"start":{"line":186,"column":2},"end":{"line":186,"column":45}},"18":{"start":{"line":195,"column":2},"end":{"line":195,"column":36}},"19":{"start":{"line":208,"column":2},"end":{"line":208,"column":44}},"20":{"start":{"line":216,"column":31},"end":{"line":216,"column":70}},"21":{"start":{"line":235,"column":2},"end":{"line":235,"column":62}},"22":{"start":{"line":255,"column":2},"end":{"line":255,"column":64}},"23":{"start":{"line":258,"column":14},"end":{"line":258,"column":51}},"24":{"start":{"line":261,"column":0},"end":{"line":261,"column":24}}},"fnMap":{"0":{"name":"(anonymous_1)","decl":{"start":{"line":117,"column":1},"end":{"line":117,"column":14}},"loc":{"start":{"line":117,"column":52},"end":{"line":119,"column":2}}},"1":{"name":"(anonymous_2)","decl":{"start":{"line":122,"column":1},"end":{"line":122,"column":5}},"loc":{"start":{"line":122,"column":12},"end":{"line":122,"column":46}}},"2":{"name":"(anonymous_3)","decl":{"start":{"line":125,"column":1},"end":{"line":125,"column":5}},"loc":{"start":{"line":125,"column":12},"end":{"line":125,"column":46}}},"3":{"name":"(anonymous_4)","decl":{"start":{"line":128,"column":1},"end":{"line":128,"column":5}},"loc":{"start":{"line":128,"column":9},"end":{"line":128,"column":40}}},"4":{"name":"(anonymous_5)","decl":{"start":{"line":130,"column":1},"end":{"line":130,"column":5}},"loc":{"start":{"line":130,"column":16},"end":{"line":130,"column":54}}},"5":{"name":"(anonymous_6)","decl":{"start":{"line":135,"column":1},"end":{"line":135,"column":5}},"loc":{"start":{"line":135,"column":44},"end":{"line":137,"column":2}}},"6":{"name":"(anonymous_7)","decl":{"start":{"line":140,"column":1},"end":{"line":140,"column":5}},"loc":{"start":{"line":140,"column":9},"end":{"line":140,"column":40}}},"7":{"name":"(anonymous_8)","decl":{"start":{"line":143,"column":1},"end":{"line":143,"column":6}},"loc":{"start":{"line":143,"column":6},"end":{"line":143,"column":33}}},"8":{"name":"(anonymous_9)","decl":{"start":{"line":149,"column":1},"end":{"line":149,"column":6}},"loc":{"start":{"line":149,"column":6},"end":{"line":153,"column":2}}},"9":{"name":"(anonymous_10)","decl":{"start":{"line":159,"column":1},"end":{"line":159,"column":4}},"loc":{"start":{"line":159,"column":9},"end":{"line":159,"column":50}}},"10":{"name":"(anonymous_11)","decl":{"start":{"line":162,"column":1},"end":{"line":162,"column":9}},"loc":{"start":{"line":162,"column":37},"end":{"line":164,"column":2}}},"11":{"name":"(anonymous_12)","decl":{"start":{"line":170,"column":1},"end":{"line":170,"column":4}},"loc":{"start":{"line":170,"column":9},"end":{"line":172,"column":2}}},"12":{"name":"(anonymous_13)","decl":{"start":{"line":178,"column":1},"end":{"line":178,"column":5}},"loc":{"start":{"line":178,"column":10},"end":{"line":178,"column":52}}},"13":{"name":"(anonymous_14)","decl":{"start":{"line":181,"column":1},"end":{"line":181,"column":4}},"loc":{"start":{"line":184,"column":15},"end":{"line":187,"column":2}}},"14":{"name":"(anonymous_15)","decl":{"start":{"line":194,"column":1},"end":{"line":194,"column":7}},"loc":{"start":{"line":194,"column":35},"end":{"line":196,"column":2}}},"15":{"name":"(anonymous_16)","decl":{"start":{"line":198,"column":1},"end":{"line":198,"column":4}},"loc":{"start":{"line":206,"column":68},"end":{"line":209,"column":2}}},"16":{"name":"(anonymous_17)","decl":{"start":{"line":216,"column":1},"end":{"line":216,"column":8}},"loc":{"start":{"line":216,"column":26},"end":{"line":216,"column":71}}},"17":{"name":"(anonymous_18)","decl":{"start":{"line":224,"column":1},"end":{"line":224,"column":3}},"loc":{"start":{"line":233,"column":30},"end":{"line":236,"column":2}}},"18":{"name":"(anonymous_19)","decl":{"start":{"line":244,"column":1},"end":{"line":244,"column":5}},"loc":{"start":{"line":253,"column":30},"end":{"line":256,"column":2}}},"19":{"name":"(anonymous_20)","decl":{"start":{"line":258,"column":1},"end":{"line":258,"column":9}},"loc":{"start":{"line":258,"column":9},"end":{"line":258,"column":52}}}},"branchMap":{"0":{"loc":{"start":{"line":117,"column":14},"end":{"line":117,"column":52}},"type":"default-arg","locations":[{"start":{"line":117,"column":43},"end":{"line":117,"column":52}}]},"1":{"loc":{"start":{"line":233,"column":2},"end":{"line":233,"column":30}},"type":"default-arg","locations":[{"start":{"line":233,"column":28},"end":{"line":233,"column":30}}]},"2":{"loc":{"start":{"line":253,"column":2},"end":{"line":253,"column":30}},"type":"default-arg","locations":[{"start":{"line":253,"column":28},"end":{"line":253,"column":30}}]}},"s":{"0":1,"1":1,"2":19,"3":18,"4":9,"5":4,"6":4,"7":1,"8":10,"9":13,"10":19,"11":19,"12":19,"13":4,"14":3,"15":13,"16":6,"17":45,"18":8,"19":4,"20":1,"21":11,"22":4,"23":1,"24":1},"f":{"0":19,"1":18,"2":9,"3":4,"4":4,"5":1,"6":10,"7":13,"8":19,"9":4,"10":3,"11":13,"12":6,"13":45,"14":8,"15":4,"16":1,"17":11,"18":4,"19":1},"b":{"0":[9],"1":[10],"2":[3]}}
,"C:\\projects-js\\timed-map\\src\\events\\constants.ts": {"path":"C:\\projects-js\\timed-map\\src\\events\\constants.ts","statementMap":{"0":{"start":{"line":13,"column":13},"end":{"line":20,"column":28}},"1":{"start":{"line":22,"column":13},"end":{"line":22,"column":31}}},"fnMap":{},"branchMap":{},"s":{"0":1,"1":1},"f":{},"b":{}}
,"C:\\projects-js\\timed-map\\src\\events\\index.ts": {"path":"C:\\projects-js\\timed-map\\src\\events\\index.ts","statementMap":{"0":{"start":{"line":48,"column":0},"end":{"line":48,"column":41}},"1":{"start":{"line":49,"column":0},"end":{"line":49,"column":39}},"2":{"start":{"line":61,"column":0},"end":{"line":61,"column":null}},"3":{"start":{"line":67,"column":31},"end":{"line":70,"column":2}},"4":{"start":{"line":67,"column":51},"end":{"line":70,"column":2}},"5":{"start":{"line":72,"column":31},"end":{"line":74,"column":2}},"6":{"start":{"line":72,"column":48},"end":{"line":74,"column":2}},"7":{"start":{"line":76,"column":26},"end":{"line":76,"column":78}},"8":{"start":{"line":80,"column":9},"end":{"line":80,"column":27}},"9":{"start":{"line":86,"column":2},"end":{"line":91,"column":29}},"10":{"start":{"line":88,"column":4},"end":{"line":88,"column":16}},"11":{"start":{"line":89,"column":4},"end":{"line":89,"column":13}},"12":{"start":{"line":102,"column":20},"end":{"line":102,"column":55}},"13":{"start":{"line":103,"column":2},"end":{"line":103,"column":51}},"14":{"start":{"line":103,"column":43},"end":{"line":103,"column":49}},"15":{"start":{"line":104,"column":20},"end":{"line":104,"column":56}},"16":{"start":{"line":105,"column":2},"end":{"line":109,"column":3}},"17":{"start":{"line":106,"column":3},"end":{"line":108,"column":4}},"18":{"start":{"line":107,"column":4},"end":{"line":107,"column":40}},"19":{"start":{"line":110,"column":2},"end":{"line":117,"column":4}},"20":{"start":{"line":111,"column":9},"end":{"line":115,"column":null}},"21":{"start":{"line":128,"column":20},"end":{"line":128,"column":54}},"22":{"start":{"line":129,"column":2},"end":{"line":129,"column":51}},"23":{"start":{"line":129,"column":43},"end":{"line":129,"column":49}},"24":{"start":{"line":130,"column":20},"end":{"line":130,"column":43}},"25":{"start":{"line":131,"column":14},"end":{"line":131,"column":44}},"26":{"start":{"line":132,"column":2},"end":{"line":138,"column":3}},"27":{"start":{"line":133,"column":3},"end":{"line":133,"column":25}},"28":{"start":{"line":152,"column":21},"end":{"line":152,"column":44}},"29":{"start":{"line":153,"column":22},"end":{"line":154,"column":null}},"30":{"start":{"line":154,"column":8},"end":{"line":154,"column":43}},"31":{"start":{"line":156,"column":2},"end":{"line":158,"column":3}},"32":{"start":{"line":157,"column":3},"end":{"line":157,"column":49}},"33":{"start":{"line":167,"column":32},"end":{"line":167,"column":58}},"34":{"start":{"line":168,"column":2},"end":{"line":168,"column":48}},"35":{"start":{"line":188,"column":2},"end":{"line":191,"column":3}},"36":{"start":{"line":192,"column":19},"end":{"line":192,"column":39}},"37":{"start":{"line":193,"column":13},"end":{"line":193,"column":51}},"38":{"start":{"line":194,"column":4},"end":{"line":196,"column":4}},"39":{"start":{"line":197,"column":2},"end":{"line":197,"column":12}},"40":{"start":{"line":217,"column":18},"end":{"line":217,"column":55}},"41":{"start":{"line":218,"column":28},"end":{"line":218,"column":54}},"42":{"start":{"line":219,"column":2},"end":{"line":219,"column":53}},"43":{"start":{"line":220,"column":2},"end":{"line":220,"column":17}},"44":{"start":{"line":233,"column":2},"end":{"line":233,"column":50}},"45":{"start":{"line":233,"column":42},"end":{"line":233,"column":48}},"46":{"start":{"line":234,"column":15},"end":{"line":234,"column":41}},"47":{"start":{"line":235,"column":15},"end":{"line":235,"column":25}},"48":{"start":{"line":236,"column":20},"end":{"line":236,"column":34}},"49":{"start":{"line":237,"column":2},"end":{"line":237,"column":24}},"50":{"start":{"line":238,"column":2},"end":{"line":238,"column":41}},"51":{"start":{"line":243,"column":2},"end":{"line":243,"column":57}},"52":{"start":{"line":247,"column":0},"end":{"line":247,"column":22}},"53":{"start":{"line":250,"column":1},"end":{"line":250,"column":32}},"54":{"start":{"line":250,"column":24},"end":{"line":250,"column":30}},"55":{"start":{"line":251,"column":1},"end":{"line":257,"column":2}},"56":{"start":{"line":252,"column":2},"end":{"line":254,"column":5}},"57":{"start":{"line":253,"column":3},"end":{"line":253,"column":27}},"58":{"start":{"line":255,"column":2},"end":{"line":255,"column":21}},"59":{"start":{"line":256,"column":2},"end":{"line":256,"column":9}},"60":{"start":{"line":258,"column":1},"end":{"line":258,"column":45}},"61":{"start":{"line":270,"column":1},"end":{"line":276,"column":2}},"62":{"start":{"line":271,"column":26},"end":{"line":271,"column":122}},"63":{"start":{"line":272,"column":21},"end":{"line":272,"column":121}},"64":{"start":{"line":273,"column":20},"end":{"line":273,"column":119}},"65":{"start":{"line":274,"column":17},"end":{"line":274,"column":114}},"66":{"start":{"line":275,"column":21},"end":{"line":275,"column":117}},"67":{"start":{"line":288,"column":28},"end":{"line":288,"column":37}},"68":{"start":{"line":289,"column":1},"end":{"line":303,"column":3}},"69":{"start":{"line":290,"column":2},"end":{"line":302,"column":3}},"70":{"start":{"line":291,"column":3},"end":{"line":296,"column":8}},"71":{"start":{"line":309,"column":1},"end":{"line":312,"column":3}},"72":{"start":{"line":318,"column":1},"end":{"line":318,"column":49}},"73":{"start":{"line":324,"column":1},"end":{"line":324,"column":56}},"74":{"start":{"line":330,"column":1},"end":{"line":334,"column":3}}},"fnMap":{"0":{"name":"(anonymous_1)","decl":{"start":{"line":67,"column":31},"end":{"line":67,"column":33}},"loc":{"start":{"line":67,"column":51},"end":{"line":70,"column":2}}},"1":{"name":"(anonymous_2)","decl":{"start":{"line":72,"column":31},"end":{"line":72,"column":33}},"loc":{"start":{"line":72,"column":48},"end":{"line":74,"column":2}}},"2":{"name":"(anonymous_3)","decl":{"start":{"line":85,"column":1},"end":{"line":85,"column":null}},"loc":{"start":{"line":85,"column":1},"end":{"line":92,"column":2}}},"3":{"name":"(anonymous_4)","decl":{"start":{"line":87,"column":21},"end":{"line":87,"column":23}},"loc":{"start":{"line":87,"column":32},"end":{"line":90,"column":4}}},"4":{"name":"(anonymous_5)","decl":{"start":{"line":95,"column":1},"end":{"line":95,"column":5}},"loc":{"start":{"line":101,"column":57},"end":{"line":118,"column":2}}},"5":{"name":"(anonymous_6)","decl":{"start":{"line":111,"column":3},"end":{"line":111,"column":6}},"loc":{"start":{"line":111,"column":9},"end":{"line":115,"column":null}}},"6":{"name":"(anonymous_7)","decl":{"start":{"line":121,"column":1},"end":{"line":121,"column":8}},"loc":{"start":{"line":127,"column":57},"end":{"line":139,"column":2}}},"7":{"name":"(anonymous_8)","decl":{"start":{"line":142,"column":1},"end":{"line":142,"column":4}},"loc":{"start":{"line":150,"column":40},"end":{"line":159,"column":2}}},"8":{"name":"(anonymous_9)","decl":{"start":{"line":154,"column":3},"end":{"line":154,"column":4}},"loc":{"start":{"line":154,"column":8},"end":{"line":154,"column":43}}},"9":{"name":"(anonymous_10)","decl":{"start":{"line":166,"column":1},"end":{"line":166,"column":8}},"loc":{"start":{"line":166,"column":26},"end":{"line":169,"column":2}}},"10":{"name":"(anonymous_11)","decl":{"start":{"line":177,"column":1},"end":{"line":177,"column":3}},"loc":{"start":{"line":186,"column":30},"end":{"line":198,"column":2}}},"11":{"name":"(anonymous_12)","decl":{"start":{"line":206,"column":1},"end":{"line":206,"column":5}},"loc":{"start":{"line":215,"column":30},"end":{"line":221,"column":2}}},"12":{"name":"(anonymous_13)","decl":{"start":{"line":224,"column":9},"end":{"line":224,"column":24}},"loc":{"start":{"line":231,"column":51},"end":{"line":239,"column":2}}},"13":{"name":"(anonymous_14)","decl":{"start":{"line":242,"column":9},"end":{"line":242,"column":26}},"loc":{"start":{"line":242,"column":44},"end":{"line":244,"column":2}}},"14":{"name":"makeImmutable","decl":{"start":{"line":249,"column":9},"end":{"line":249,"column":22}},"loc":{"start":{"line":249,"column":35},"end":{"line":259,"column":1}}},"15":{"name":"(anonymous_16)","decl":{"start":{"line":252,"column":28},"end":{"line":252,"column":29}},"loc":{"start":{"line":252,"column":32},"end":{"line":254,"column":3}}},"16":{"name":"getEventData","decl":{"start":{"line":261,"column":9},"end":{"line":261,"column":21}},"loc":{"start":{"line":268,"column":51},"end":{"line":277,"column":1}}},"17":{"name":"getListenerRunner","decl":{"start":{"line":279,"column":9},"end":{"line":279,"column":26}},"loc":{"start":{"line":286,"column":47},"end":{"line":304,"column":1}}},"18":{"name":"(anonymous_19)","decl":{"start":{"line":289,"column":8},"end":{"line":289,"column":16}},"loc":{"start":{"line":289,"column":19},"end":{"line":303,"column":2}}},"19":{"name":"put","decl":{"start":{"line":306,"column":9},"end":{"line":306,"column":12}},"loc":{"start":{"line":307,"column":45},"end":{"line":313,"column":1}}},"20":{"name":"remove","decl":{"start":{"line":315,"column":9},"end":{"line":315,"column":15}},"loc":{"start":{"line":316,"column":39},"end":{"line":319,"column":1}}},"21":{"name":"removeMany","decl":{"start":{"line":321,"column":9},"end":{"line":321,"column":19}},"loc":{"start":{"line":322,"column":48},"end":{"line":325,"column":1}}},"22":{"name":"renew","decl":{"start":{"line":327,"column":9},"end":{"line":327,"column":14}},"loc":{"start":{"line":328,"column":41},"end":{"line":335,"column":1}}}},"branchMap":{"0":{"loc":{"start":{"line":103,"column":2},"end":{"line":103,"column":51}},"type":"if","locations":[{"start":{"line":103,"column":2},"end":{"line":103,"column":51}}]},"1":{"loc":{"start":{"line":106,"column":3},"end":{"line":108,"column":4}},"type":"if","locations":[{"start":{"line":106,"column":3},"end":{"line":108,"column":4}}]},"2":{"loc":{"start":{"line":129,"column":2},"end":{"line":129,"column":51}},"type":"if","locations":[{"start":{"line":129,"column":2},"end":{"line":129,"column":51}}]},"3":{"loc":{"start":{"line":156,"column":2},"end":{"line":158,"column":3}},"type":"if","locations":[{"start":{"line":156,"column":2},"end":{"line":158,"column":3}}]},"4":{"loc":{"start":{"line":186,"column":2},"end":{"line":186,"column":30}},"type":"default-arg","locations":[{"start":{"line":186,"column":28},"end":{"line":186,"column":30}}]},"5":{"loc":{"start":{"line":188,"column":2},"end":{"line":191,"column":3}},"type":"if","locations":[{"start":{"line":188,"column":2},"end":{"line":191,"column":3}}]},"6":{"loc":{"start":{"line":215,"column":2},"end":{"line":215,"column":30}},"type":"default-arg","locations":[{"start":{"line":215,"column":28},"end":{"line":215,"column":30}}]},"7":{"loc":{"start":{"line":233,"column":2},"end":{"line":233,"column":50}},"type":"if","locations":[{"start":{"line":233,"column":2},"end":{"line":233,"column":50}}]},"8":{"loc":{"start":{"line":250,"column":1},"end":{"line":250,"column":32}},"type":"if","locations":[{"start":{"line":250,"column":1},"end":{"line":250,"column":32}}]},"9":{"loc":{"start":{"line":251,"column":1},"end":{"line":257,"column":2}},"type":"if","locations":[{"start":{"line":251,"column":1},"end":{"line":257,"column":2}}]},"10":{"loc":{"start":{"line":270,"column":1},"end":{"line":276,"column":2}},"type":"switch","locations":[{"start":{"line":271,"column":2},"end":{"line":271,"column":122}},{"start":{"line":272,"column":2},"end":{"line":272,"column":121}},{"start":{"line":273,"column":2},"end":{"line":273,"column":119}},{"start":{"line":274,"column":2},"end":{"line":274,"column":114}},{"start":{"line":275,"column":2},"end":{"line":275,"column":117}}]}},"s":{"0":1,"1":1,"2":1,"3":1,"4":0,"5":1,"6":0,"7":1,"8":19,"9":19,"10":114,"11":114,"12":74,"13":74,"14":59,"15":15,"16":15,"17":22,"18":2,"19":15,"20":15,"21":19,"22":19,"23":18,"24":1,"25":1,"26":1,"27":1,"28":4,"29":4,"30":6,"31":4,"32":4,"33":1,"34":1,"35":15,"36":15,"37":15,"38":15,"39":15,"40":4,"41":4,"42":4,"43":4,"44":93,"45":77,"46":16,"47":16,"48":16,"49":16,"50":16,"51":93,"52":1,"53":153,"54":103,"55":50,"56":39,"57":116,"58":39,"59":39,"60":11,"61":16,"62":2,"63":10,"64":1,"65":1,"66":1,"67":16,"68":16,"69":23,"70":23,"71":1,"72":1,"73":11,"74":2},"f":{"0":0,"1":0,"2":19,"3":114,"4":74,"5":15,"6":19,"7":4,"8":6,"9":1,"10":15,"11":4,"12":93,"13":93,"14":153,"15":116,"16":16,"17":16,"18":23,"19":1,"20":1,"21":11,"22":2},"b":{"0":[59],"1":[2],"2":[18],"3":[4],"4":[0],"5":[0],"6":[0],"7":[77],"8":[103],"9":[39],"10":[2,10,1,1,1]}}
}
