TN:
SF:src\constants.ts
FNF:0
FNH:0
DA:1,1
LF:1
LH:1
BRF:0
BRH:0
end_of_record
TN:
SF:src\driver.ts
FN:19,(anonymous_1)
FN:27,(anonymous_2)
FN:30,(anonymous_3)
FN:36,(anonymous_4)
FN:39,(anonymous_5)
FN:44,(anonymous_6)
FN:46,(anonymous_7)
FN:55,(anonymous_8)
FN:61,(anonymous_9)
FN:63,(anonymous_10)
FN:65,(anonymous_11)
FN:73,(anonymous_12)
FN:82,(anonymous_13)
FN:91,(anonymous_14)
FN:99,(anonymous_15)
FN:103,(anonymous_16)
FN:119,(anonymous_17)
FN:129,(anonymous_18)
FN:136,(anonymous_19)
FN:140,(anonymous_20)
FN:146,(anonymous_21)
FN:159,(anonymous_22)
FN:168,(anonymous_23)
FN:176,(anonymous_24)
FNF:24
FNH:24
FNDA:19,(anonymous_1)
FNDA:93,(anonymous_2)
FNDA:18,(anonymous_3)
FNDA:9,(anonymous_4)
FNDA:23,(anonymous_5)
FNDA:4,(anonymous_6)
FNDA:1,(anonymous_7)
FNDA:1,(anonymous_8)
FNDA:10,(anonymous_9)
FNDA:19,(anonymous_10)
FNDA:13,(anonymous_11)
FNDA:4,(anonymous_12)
FNDA:3,(anonymous_13)
FNDA:69,(anonymous_14)
FNDA:5,(anonymous_15)
FNDA:45,(anonymous_16)
FNDA:9,(anonymous_17)
FNDA:53,(anonymous_18)
FNDA:70,(anonymous_19)
FNDA:20,(anonymous_20)
FNDA:47,(anonymous_21)
FNDA:22,(anonymous_22)
FNDA:29,(anonymous_23)
FNDA:5,(anonymous_24)
DA:1,1
DA:2,1
DA:6,1
DA:9,1
DA:13,19
DA:14,19
DA:15,19
DA:16,19
DA:17,19
DA:20,19
DA:27,93
DA:31,18
DA:32,18
DA:36,9
DA:40,23
DA:41,23
DA:44,4
DA:47,1
DA:48,1
DA:49,1
DA:50,1
DA:51,1
DA:52,1
DA:53,1
DA:54,1
DA:55,1
DA:61,10
DA:63,19
DA:66,13
DA:67,13
DA:68,13
DA:69,13
DA:70,13
DA:74,4
DA:75,4
DA:76,4
DA:77,4
DA:78,4
DA:79,4
DA:83,3
DA:84,3
DA:85,3
DA:86,3
DA:87,3
DA:88,3
DA:92,69
DA:100,5
DA:108,45
DA:109,45
DA:110,45
DA:111,45
DA:116,45
DA:120,9
DA:121,9
DA:122,5
DA:123,5
DA:124,5
DA:125,5
DA:126,5
DA:130,53
DA:131,9
DA:137,70
DA:141,20
DA:147,47
DA:148,47
DA:149,44
DA:150,4
DA:151,4
DA:154,47
DA:155,4
DA:156,4
DA:160,22
DA:161,4
DA:163,18
DA:164,18
DA:165,18
DA:173,29
DA:174,29
DA:175,29
DA:176,5
DA:179,29
DA:183,1
LF:82
LH:82
BRDA:21,0,0,19
BRDA:21,0,1,0
BRDA:47,1,0,0
BRDA:56,2,0,1
BRDA:56,2,1,0
BRDA:66,3,0,0
BRDA:74,4,0,0
BRDA:84,5,0,0
BRDA:92,6,0,48
BRDA:92,6,1,21
BRDA:94,7,0,1
BRDA:94,7,1,20
BRDA:110,8,0,45
BRDA:110,8,1,28
BRDA:121,9,0,4
BRDA:122,10,0,1
BRDA:130,11,0,9
BRDA:137,12,0,70
BRDA:137,12,1,62
BRDA:141,13,0,20
BRDA:141,13,1,20
BRDA:141,13,2,20
BRDA:149,14,0,4
BRDA:154,15,0,43
BRDA:155,16,0,4
BRDA:155,16,1,1
BRDA:160,17,0,4
BRF:27
BRH:21
end_of_record
TN:
SF:src\index.ts
FN:117,(anonymous_1)
FN:122,(anonymous_2)
FN:125,(anonymous_3)
FN:128,(anonymous_4)
FN:130,(anonymous_5)
FN:135,(anonymous_6)
FN:140,(anonymous_7)
FN:143,(anonymous_8)
FN:149,(anonymous_9)
FN:159,(anonymous_10)
FN:162,(anonymous_11)
FN:170,(anonymous_12)
FN:178,(anonymous_13)
FN:181,(anonymous_14)
FN:194,(anonymous_15)
FN:198,(anonymous_16)
FN:216,(anonymous_17)
FN:224,(anonymous_18)
FN:244,(anonymous_19)
FN:258,(anonymous_20)
FNF:20
FNH:20
FNDA:19,(anonymous_1)
FNDA:18,(anonymous_2)
FNDA:9,(anonymous_3)
FNDA:4,(anonymous_4)
FNDA:4,(anonymous_5)
FNDA:1,(anonymous_6)
FNDA:10,(anonymous_7)
FNDA:13,(anonymous_8)
FNDA:19,(anonymous_9)
FNDA:4,(anonymous_10)
FNDA:3,(anonymous_11)
FNDA:13,(anonymous_12)
FNDA:6,(anonymous_13)
FNDA:45,(anonymous_14)
FNDA:8,(anonymous_15)
FNDA:4,(anonymous_16)
FNDA:1,(anonymous_17)
FNDA:11,(anonymous_18)
FNDA:4,(anonymous_19)
FNDA:1,(anonymous_20)
DA:104,1
DA:106,1
DA:118,19
DA:122,18
DA:125,9
DA:128,4
DA:130,4
DA:136,1
DA:140,10
DA:143,13
DA:150,19
DA:151,19
DA:152,19
DA:159,4
DA:163,3
DA:171,13
DA:178,6
DA:186,45
DA:195,8
DA:208,4
DA:216,1
DA:235,11
DA:255,4
DA:258,1
DA:261,1
LF:25
LH:25
BRDA:117,0,0,9
BRDA:233,1,0,10
BRDA:253,2,0,3
BRF:3
BRH:3
end_of_record
TN:
SF:src\events\constants.ts
FNF:0
FNH:0
DA:13,1
DA:22,1
LF:2
LH:2
BRF:0
BRH:0
end_of_record
TN:
SF:src\events\index.ts
FN:67,(anonymous_1)
FN:72,(anonymous_2)
FN:85,(anonymous_3)
FN:87,(anonymous_4)
FN:95,(anonymous_5)
FN:111,(anonymous_6)
FN:121,(anonymous_7)
FN:142,(anonymous_8)
FN:154,(anonymous_9)
FN:166,(anonymous_10)
FN:177,(anonymous_11)
FN:206,(anonymous_12)
FN:224,(anonymous_13)
FN:242,(anonymous_14)
FN:249,makeImmutable
FN:252,(anonymous_16)
FN:261,getEventData
FN:279,getListenerRunner
FN:289,(anonymous_19)
FN:306,put
FN:315,remove
FN:321,removeMany
FN:327,renew
FNF:23
FNH:21
FNDA:0,(anonymous_1)
FNDA:0,(anonymous_2)
FNDA:19,(anonymous_3)
FNDA:114,(anonymous_4)
FNDA:74,(anonymous_5)
FNDA:15,(anonymous_6)
FNDA:19,(anonymous_7)
FNDA:4,(anonymous_8)
FNDA:6,(anonymous_9)
FNDA:1,(anonymous_10)
FNDA:15,(anonymous_11)
FNDA:4,(anonymous_12)
FNDA:93,(anonymous_13)
FNDA:93,(anonymous_14)
FNDA:153,makeImmutable
FNDA:116,(anonymous_16)
FNDA:16,getEventData
FNDA:16,getListenerRunner
FNDA:23,(anonymous_19)
FNDA:1,put
FNDA:1,remove
FNDA:11,removeMany
FNDA:2,renew
DA:48,1
DA:49,1
DA:61,1
DA:67,1
DA:72,1
DA:76,1
DA:80,19
DA:86,19
DA:88,114
DA:89,114
DA:102,74
DA:103,74
DA:104,15
DA:105,15
DA:106,22
DA:107,2
DA:110,15
DA:111,15
DA:128,19
DA:129,19
DA:130,1
DA:131,1
DA:132,1
DA:133,1
DA:152,4
DA:153,4
DA:154,6
DA:156,4
DA:157,4
DA:167,1
DA:168,1
DA:188,15
DA:192,15
DA:193,15
DA:194,15
DA:197,15
DA:217,4
DA:218,4
DA:219,4
DA:220,4
DA:233,93
DA:234,16
DA:235,16
DA:236,16
DA:237,16
DA:238,16
DA:243,93
DA:247,1
DA:250,153
DA:251,50
DA:252,39
DA:253,116
DA:255,39
DA:256,39
DA:258,11
DA:270,16
DA:271,2
DA:272,10
DA:273,1
DA:274,1
DA:275,1
DA:288,16
DA:289,16
DA:290,23
DA:291,23
DA:309,1
DA:318,1
DA:324,11
DA:330,2
LF:69
LH:69
BRDA:103,0,0,59
BRDA:106,1,0,2
BRDA:129,2,0,18
BRDA:156,3,0,4
BRDA:186,4,0,0
BRDA:188,5,0,0
BRDA:215,6,0,0
BRDA:233,7,0,77
BRDA:250,8,0,103
BRDA:251,9,0,39
BRDA:270,10,0,2
BRDA:270,10,1,10
BRDA:270,10,2,1
BRDA:270,10,3,1
BRDA:270,10,4,1
BRF:15
BRH:12
end_of_record
